# JRE version: OpenJDK Runtime Environment (8.0_212-b04) (build 1.8.0_212-release-1586-b04)
# Java VM: OpenJDK 64-Bit Server VM (25.212-b04 mixed mode windows-amd64 compressed oops)
Heap:
 PSYoungGen      total 473088K, used 279148K [0x00000000e0000000, 0x0000000100000000, 0x0000000100000000)
  eden space 425472K, 54% used [0x00000000e0000000,0x00000000ee220d00,0x00000000f9f80000)
  from space 47616K, 99% used [0x00000000f9f80000,0x00000000fcdfa6a0,0x00000000fce00000)
  to   space 51200K, 0% used [0x00000000fce00000,0x00000000fce00000,0x0000000100000000)
 ParOldGen       total 212480K, used 59924K [0x00000000a0000000, 0x00000000acf80000, 0x00000000e0000000)
  object space 212480K, 28% used [0x00000000a0000000,0x00000000a3a85268,0x00000000acf80000)
 Metaspace       used 123103K, capacity 128854K, committed 129216K, reserved 1161216K
  class space    used 16071K, capacity 17221K, committed 17344K, reserved 1048576K
GC Heap History (10 events):
Event: 61.517 GC heap before
{Heap before GC invocations=15 (full 3):
 PSYoungGen      total 465408K, used 465376K [0x00000000e0000000, 0x0000000100000000, 0x0000000100000000)
  eden space 436736K, 100% used [0x00000000e0000000,0x00000000faa80000,0x00000000faa80000)
  from space 28672K, 99% used [0x00000000faa80000,0x00000000fc678228,0x00000000fc680000)
  to   space 34304K, 0% used [0x00000000fde80000,0x00000000fde80000,0x0000000100000000)
 ParOldGen       total 143872K, used 46558K [0x00000000a0000000, 0x00000000a8c80000, 0x00000000e0000000)
  object space 143872K, 32% used [0x00000000a0000000,0x00000000a2d77a60,0x00000000a8c80000)
 Metaspace       used 91340K, capacity 96520K, committed 96728K, reserved 1132544K
  class space    used 11963K, capacity 12901K, committed 13016K, reserved 1048576K
Event: 61.813 GC heap after
Heap after GC invocations=15 (full 3):
 PSYoungGen      total 459264K, used 34298K [0x00000000e0000000, 0x0000000100000000, 0x0000000100000000)
  eden space 424960K, 0% used [0x00000000e0000000,0x00000000e0000000,0x00000000f9f00000)
  from space 34304K, 99% used [0x00000000fde80000,0x00000000ffffea70,0x0000000100000000)
  to   space 49664K, 0% used [0x00000000f9f00000,0x00000000f9f00000,0x00000000fcf80000)
 ParOldGen       total 143872K, used 73865K [0x00000000a0000000, 0x00000000a8c80000, 0x00000000e0000000)
  object space 143872K, 51% used [0x00000000a0000000,0x00000000a4822488,0x00000000a8c80000)
 Metaspace       used 91340K, capacity 96520K, committed 96728K, reserved 1132544K
  class space    used 11963K, capacity 12901K, committed 13016K, reserved 1048576K
}
Event: 62.313 GC heap before
{Heap before GC invocations=16 (full 3):
 PSYoungGen      total 459264K, used 77388K [0x00000000e0000000, 0x0000000100000000, 0x0000000100000000)
  eden space 424960K, 10% used [0x00000000e0000000,0x00000000e2a147d0,0x00000000f9f00000)
  from space 34304K, 99% used [0x00000000fde80000,0x00000000ffffea70,0x0000000100000000)
  to   space 49664K, 0% used [0x00000000f9f00000,0x00000000f9f00000,0x00000000fcf80000)
 ParOldGen       total 143872K, used 73865K [0x00000000a0000000, 0x00000000a8c80000, 0x00000000e0000000)
  object space 143872K, 51% used [0x00000000a0000000,0x00000000a4822488,0x00000000a8c80000)
 Metaspace       used 93184K, capacity 98310K, committed 98496K, reserved 1134592K
  class space    used 12201K, capacity 13147K, committed 13248K, reserved 1048576K
Event: 62.330 GC heap after
Heap after GC invocations=16 (full 3):
 PSYoungGen      total 474624K, used 3654K [0x00000000e0000000, 0x0000000100000000, 0x0000000100000000)
  eden space 424960K, 0% used [0x00000000e0000000,0x00000000e0000000,0x00000000f9f00000)
  from space 49664K, 7% used [0x00000000f9f00000,0x00000000fa2918e8,0x00000000fcf80000)
  to   space 49152K, 0% used [0x00000000fd000000,0x00000000fd000000,0x0000000100000000)
 ParOldGen       total 143872K, used 90523K [0x00000000a0000000, 0x00000000a8c80000, 0x00000000e0000000)
  object space 143872K, 62% used [0x00000000a0000000,0x00000000a5866da0,0x00000000a8c80000)
 Metaspace       used 93184K, capacity 98310K, committed 98496K, reserved 1134592K
  class space    used 12201K, capacity 13147K, committed 13248K, reserved 1048576K
}
Event: 62.330 GC heap before
{Heap before GC invocations=17 (full 4):
 PSYoungGen      total 474624K, used 3654K [0x00000000e0000000, 0x0000000100000000, 0x0000000100000000)
  eden space 424960K, 0% used [0x00000000e0000000,0x00000000e0000000,0x00000000f9f00000)
  from space 49664K, 7% used [0x00000000f9f00000,0x00000000fa2918e8,0x00000000fcf80000)
  to   space 49152K, 0% used [0x00000000fd000000,0x00000000fd000000,0x0000000100000000)
 ParOldGen       total 143872K, used 90523K [0x00000000a0000000, 0x00000000a8c80000, 0x00000000e0000000)
  object space 143872K, 62% used [0x00000000a0000000,0x00000000a5866da0,0x00000000a8c80000)
 Metaspace       used 93184K, capacity 98310K, committed 98496K, reserved 1134592K
  class space    used 12201K, capacity 13147K, committed 13248K, reserved 1048576K
Event: 63.670 GC heap after
Heap after GC invocations=17 (full 4):
 PSYoungGen      total 474624K, used 0K [0x00000000e0000000, 0x0000000100000000, 0x0000000100000000)
  eden space 424960K, 0% used [0x00000000e0000000,0x00000000e0000000,0x00000000f9f00000)
  from space 49664K, 0% used [0x00000000f9f00000,0x00000000f9f00000,0x00000000fcf80000)
  to   space 49152K, 0% used [0x00000000fd000000,0x00000000fd000000,0x0000000100000000)
 ParOldGen       total 212480K, used 57180K [0x00000000a0000000, 0x00000000acf80000, 0x00000000e0000000)
  object space 212480K, 26% used [0x00000000a0000000,0x00000000a37d7088,0x00000000acf80000)
 Metaspace       used 92310K, capacity 95880K, committed 98496K, reserved 1134592K
  class space    used 11921K, capacity 12658K, committed 13248K, reserved 1048576K
}
Event: 66.372 GC heap before
{Heap before GC invocations=18 (full 4):
 PSYoungGen      total 474624K, used 424960K [0x00000000e0000000, 0x0000000100000000, 0x0000000100000000)
  eden space 424960K, 100% used [0x00000000e0000000,0x00000000f9f00000,0x00000000f9f00000)
  from space 49664K, 0% used [0x00000000f9f00000,0x00000000f9f00000,0x00000000fcf80000)
  to   space 49152K, 0% used [0x00000000fd000000,0x00000000fd000000,0x0000000100000000)
 ParOldGen       total 212480K, used 57180K [0x00000000a0000000, 0x00000000acf80000, 0x00000000e0000000)
  object space 212480K, 26% used [0x00000000a0000000,0x00000000a37d7088,0x00000000acf80000)
 Metaspace       used 102356K, capacity 106708K, committed 108224K, reserved 1142784K
  class space    used 13379K, capacity 14234K, committed 14528K, reserved 1048576K
Event: 66.387 GC heap after
Heap after GC invocations=18 (full 4):
 PSYoungGen      total 471040K, used 22127K [0x00000000e0000000, 0x00000000ffc80000, 0x0000000100000000)
  eden space 425472K, 0% used [0x00000000e0000000,0x00000000e0000000,0x00000000f9f80000)
  from space 45568K, 48% used [0x00000000fd000000,0x00000000fe59bc90,0x00000000ffc80000)
  to   space 47616K, 0% used [0x00000000f9f80000,0x00000000f9f80000,0x00000000fce00000)
 ParOldGen       total 212480K, used 57188K [0x00000000a0000000, 0x00000000acf80000, 0x00000000e0000000)
  object space 212480K, 26% used [0x00000000a0000000,0x00000000a37d9088,0x00000000acf80000)
 Metaspace       used 102356K, capacity 106708K, committed 108224K, reserved 1142784K
  class space    used 13379K, capacity 14234K, committed 14528K, reserved 1048576K
}
Event: 1159.000 GC heap before
{Heap before GC invocations=19 (full 4):
 PSYoungGen      total 471040K, used 447599K [0x00000000e0000000, 0x00000000ffc80000, 0x0000000100000000)
  eden space 425472K, 100% used [0x00000000e0000000,0x00000000f9f80000,0x00000000f9f80000)
  from space 45568K, 48% used [0x00000000fd000000,0x00000000fe59bc90,0x00000000ffc80000)
  to   space 47616K, 0% used [0x00000000f9f80000,0x00000000f9f80000,0x00000000fce00000)
 ParOldGen       total 212480K, used 57188K [0x00000000a0000000, 0x00000000acf80000, 0x00000000e0000000)
  object space 212480K, 26% used [0x00000000a0000000,0x00000000a37d9088,0x00000000acf80000)
 Metaspace       used 111582K, capacity 116600K, committed 116800K, reserved 1150976K
  class space    used 14312K, capacity 15297K, committed 15424K, reserved 1048576K
Event: 1159.295 GC heap after
Heap after GC invocations=19 (full 4):
 PSYoungGen      total 473088K, used 47593K [0x00000000e0000000, 0x0000000100000000, 0x0000000100000000)
  eden space 425472K, 0% used [0x00000000e0000000,0x00000000e0000000,0x00000000f9f80000)
  from space 47616K, 99% used [0x00000000f9f80000,0x00000000fcdfa6a0,0x00000000fce00000)
  to   space 51200K, 0% used [0x00000000fce00000,0x00000000fce00000,0x0000000100000000)
 ParOldGen       total 212480K, used 59924K [0x00000000a0000000, 0x00000000acf80000, 0x00000000e0000000)
  object space 212480K, 28% used [0x00000000a0000000,0x00000000a3a85268,0x00000000acf80000)
 Metaspace       used 111582K, capacity 116600K, committed 116800K, reserved 1150976K
  class space    used 14312K, capacity 15297K, committed 15424K, reserved 1048576K
}

